This file contains any messages produced by compilers while
running configure, to aid debugging if configure makes a mistake.

It was created by configure, which was
generated by GNU Autoconf 2.64.  Invocation command line was

  $ ./configure --prefix=/home/oberhuber/local --no-create --no-recursion

## --------- ##
## Platform. ##
## --------- ##

hostname = yvonne
uname -m = x86_64
uname -r = 2.6.31-14-generic
uname -s = Linux
uname -v = #48-Ubuntu SMP Fri Oct 16 14:05:01 UTC 2009

/usr/bin/uname -p = unknown
/bin/uname -X     = unknown

/bin/arch              = unknown
/usr/bin/arch -k       = unknown
/usr/convex/getsysinfo = unknown
/usr/bin/hostinfo      = unknown
/bin/machine           = unknown
/usr/bin/oslevel       = unknown
/bin/universe          = unknown

PATH: /usr/local/sbin
PATH: /usr/local/bin
PATH: /usr/sbin
PATH: /usr/bin
PATH: /sbin
PATH: /bin
PATH: /usr/games
PATH: /home/oberhuber/local/bin
PATH: /usr/local/firefox
PATH: /usr/local/cuda/bin


## ----------- ##
## Core tests. ##
## ----------- ##

configure:2572: checking for a BSD-compatible install
configure:2640: result: /usr/bin/install -c
configure:2651: checking whether build environment is sane
configure:2701: result: yes
configure:2842: checking for a thread-safe mkdir -p
configure:2881: result: /bin/mkdir -p
configure:2894: checking for gawk
configure:2910: found /usr/bin/gawk
configure:2921: result: gawk
configure:2932: checking whether make sets $(MAKE)
configure:2954: result: yes
configure:3065: checking build system type
configure:3079: result: x86_64-unknown-linux-gnu
configure:3099: checking host system type
configure:3112: result: x86_64-unknown-linux-gnu
configure:3144: checking for style of include used by make
configure:3172: result: GNU
configure:3242: checking for gcc
configure:3258: found /usr/bin/gcc
configure:3269: result: gcc
configure:3498: checking for C compiler version
configure:3507: gcc --version >&5
gcc (GCC) 4.2.4 (Ubuntu 4.2.4-5ubuntu1)
Copyright (C) 2007 Free Software Foundation, Inc.
This is free software; see the source for copying conditions.  There is NO
warranty; not even for MERCHANTABILITY or FITNESS FOR A PARTICULAR PURPOSE.

configure:3518: $? = 0
configure:3507: gcc -v >&5
Using built-in specs.
Target: x86_64-linux-gnu
Configured with: ../src/configure -v --enable-languages=c,c++,fortran,objc,obj-c++ --prefix=/usr --enable-shared --with-system-zlib --libexecdir=/usr/lib --without-included-gettext --enable-threads=posix --enable-nls --with-gxx-include-dir=/usr/include/c++/4.2 --program-suffix=-4.2 --enable-clocale=gnu --enable-libstdcxx-debug --enable-objc-gc --enable-mpfr --with-tune=generic --enable-checking=release --build=x86_64-linux-gnu --host=x86_64-linux-gnu --target=x86_64-linux-gnu
Thread model: posix
gcc version 4.2.4 (Ubuntu 4.2.4-5ubuntu1)
configure:3518: $? = 0
configure:3507: gcc -V >&5
gcc: '-V' option must have argument
configure:3518: $? = 1
configure:3507: gcc -qversion >&5
gcc: unrecognized option '-qversion'
gcc: no input files
configure:3518: $? = 1
configure:3540: checking for C compiler default output file name
configure:3562: gcc    conftest.c  >&5
configure:3566: $? = 0
configure:3603: result: a.out
configure:3619: checking whether the C compiler works
configure:3628: ./a.out
configure:3632: $? = 0
configure:3647: result: yes
configure:3654: checking whether we are cross compiling
configure:3656: result: no
configure:3659: checking for suffix of executables
configure:3666: gcc -o conftest    conftest.c  >&5
configure:3670: $? = 0
configure:3692: result: 
configure:3698: checking for suffix of object files
configure:3720: gcc -c   conftest.c >&5
configure:3724: $? = 0
configure:3745: result: o
configure:3749: checking whether we are using the GNU C compiler
configure:3768: gcc -c   conftest.c >&5
configure:3768: $? = 0
configure:3777: result: yes
configure:3786: checking whether gcc accepts -g
configure:3806: gcc -c -g  conftest.c >&5
configure:3806: $? = 0
configure:3847: result: yes
configure:3864: checking for gcc option to accept ISO C89
configure:3928: gcc  -c -g -O2  conftest.c >&5
configure:3928: $? = 0
configure:3941: result: none needed
configure:3963: checking dependency style of gcc
configure:4073: result: gcc3
configure:4088: checking for a sed that does not truncate output
configure:4152: result: /bin/sed
configure:4170: checking for grep that handles long lines and -e
configure:4228: result: /bin/grep
configure:4233: checking for egrep
configure:4295: result: /bin/grep -E
configure:4300: checking for fgrep
configure:4362: result: /bin/grep -F
configure:4397: checking for ld used by gcc
configure:4464: result: /usr/bin/ld
configure:4471: checking if the linker (/usr/bin/ld) is GNU ld
configure:4486: result: yes
configure:4498: checking for BSD- or MS-compatible name lister (nm)
configure:4547: result: /usr/bin/nm -B
configure:4665: checking the name lister (/usr/bin/nm -B) interface
configure:4672: gcc -c -g -O2  conftest.c >&5
configure:4675: /usr/bin/nm -B "conftest.o"
configure:4678: output
0000000000000000 B some_variable
configure:4685: result: BSD nm
configure:4688: checking whether ln -s works
configure:4692: result: yes
configure:4700: checking the maximum length of command line arguments
configure:4820: result: 3458764513820540925
configure:4837: checking whether the shell understands some XSI constructs
configure:4847: result: yes
configure:4851: checking whether the shell understands "+="
configure:4857: result: yes
configure:4892: checking for /usr/bin/ld option to reload object files
configure:4899: result: -r
configure:4968: checking for objdump
configure:4984: found /usr/bin/objdump
configure:4995: result: objdump
configure:5027: checking how to recognize dependent libraries
configure:5223: result: pass_all
configure:5283: checking for ar
configure:5299: found /usr/bin/ar
configure:5310: result: ar
configure:5388: checking for strip
configure:5404: found /usr/bin/strip
configure:5415: result: strip
configure:5487: checking for ranlib
configure:5503: found /usr/bin/ranlib
configure:5514: result: ranlib
configure:5604: checking command to parse /usr/bin/nm -B output from gcc object
configure:5722: gcc -c -g -O2  conftest.c >&5
configure:5725: $? = 0
configure:5729: /usr/bin/nm -B conftest.o \| sed -n -e 's/^.*[	 ]\([ABCDGIRSTW][ABCDGIRSTW]*\)[	 ][	 ]*\([_A-Za-z][_A-Za-z0-9]*\)$/\1 \2 \2/p' \> conftest.nm
configure:5732: $? = 0
configure:5786: gcc -o conftest -g -O2   conftest.c conftstm.o >&5
configure:5789: $? = 0
configure:5827: result: ok
configure:5923: gcc -c -g -O2  conftest.c >&5
configure:5926: $? = 0
configure:6636: checking how to run the C preprocessor
configure:6667: gcc -E  conftest.c
configure:6667: $? = 0
configure:6681: gcc -E  conftest.c
conftest.c:11:28: error: ac_nonexistent.h: No such file or directory
configure:6681: $? = 1
configure: failed program was:
| /* confdefs.h */
| #define PACKAGE_NAME ""
| #define PACKAGE_TARNAME ""
| #define PACKAGE_VERSION ""
| #define PACKAGE_STRING ""
| #define PACKAGE_BUGREPORT ""
| #define PACKAGE_URL ""
| #define PACKAGE "libtnl"
| #define VERSION "0.1"
| /* end confdefs.h.  */
| #include <ac_nonexistent.h>
configure:6706: result: gcc -E
configure:6726: gcc -E  conftest.c
configure:6726: $? = 0
configure:6740: gcc -E  conftest.c
conftest.c:11:28: error: ac_nonexistent.h: No such file or directory
configure:6740: $? = 1
configure: failed program was:
| /* confdefs.h */
| #define PACKAGE_NAME ""
| #define PACKAGE_TARNAME ""
| #define PACKAGE_VERSION ""
| #define PACKAGE_STRING ""
| #define PACKAGE_BUGREPORT ""
| #define PACKAGE_URL ""
| #define PACKAGE "libtnl"
| #define VERSION "0.1"
| /* end confdefs.h.  */
| #include <ac_nonexistent.h>
configure:6769: checking for ANSI C header files
configure:6789: gcc -c -g -O2  conftest.c >&5
configure:6789: $? = 0
configure:6862: gcc -o conftest -g -O2   conftest.c  >&5
configure:6862: $? = 0
configure:6862: ./conftest
configure:6862: $? = 0
configure:6873: result: yes
configure:6886: checking for sys/types.h
configure:6886: gcc -c -g -O2  conftest.c >&5
configure:6886: $? = 0
configure:6886: result: yes
configure:6886: checking for sys/stat.h
configure:6886: gcc -c -g -O2  conftest.c >&5
configure:6886: $? = 0
configure:6886: result: yes
configure:6886: checking for stdlib.h
configure:6886: gcc -c -g -O2  conftest.c >&5
configure:6886: $? = 0
configure:6886: result: yes
configure:6886: checking for string.h
configure:6886: gcc -c -g -O2  conftest.c >&5
configure:6886: $? = 0
configure:6886: result: yes
configure:6886: checking for memory.h
configure:6886: gcc -c -g -O2  conftest.c >&5
configure:6886: $? = 0
configure:6886: result: yes
configure:6886: checking for strings.h
configure:6886: gcc -c -g -O2  conftest.c >&5
configure:6886: $? = 0
configure:6886: result: yes
configure:6886: checking for inttypes.h
configure:6886: gcc -c -g -O2  conftest.c >&5
configure:6886: $? = 0
configure:6886: result: yes
configure:6886: checking for stdint.h
configure:6886: gcc -c -g -O2  conftest.c >&5
configure:6886: $? = 0
configure:6886: result: yes
configure:6886: checking for unistd.h
configure:6886: gcc -c -g -O2  conftest.c >&5
configure:6886: $? = 0
configure:6886: result: yes
configure:6901: checking for dlfcn.h
configure:6901: gcc -c -g -O2  conftest.c >&5
configure:6901: $? = 0
configure:6901: result: yes
configure:7085: checking for objdir
configure:7100: result: .libs
configure:7392: checking if gcc supports -fno-rtti -fno-exceptions
configure:7410: gcc -c -g -O2  -fno-rtti -fno-exceptions conftest.c >&5
cc1: warning: command line option "-fno-rtti" is valid for C++/ObjC++ but not for C
configure:7414: $? = 0
configure:7427: result: no
configure:7447: checking for gcc option to produce PIC
configure:7719: result: -fPIC -DPIC
configure:7731: checking if gcc PIC flag -fPIC -DPIC works
configure:7749: gcc -c -g -O2  -fPIC -DPIC -DPIC conftest.c >&5
configure:7753: $? = 0
configure:7766: result: yes
configure:7790: checking if gcc static flag -static works
configure:7818: result: yes
configure:7833: checking if gcc supports -c -o file.o
configure:7854: gcc -c -g -O2  -o out/conftest2.o conftest.c >&5
configure:7858: $? = 0
configure:7880: result: yes
configure:7888: checking if gcc supports -c -o file.o
configure:7935: result: yes
configure:7968: checking whether the gcc linker (/usr/bin/ld -m elf_x86_64) supports shared libraries
configure:8958: result: yes
configure:8995: checking whether -lc should be explicitly linked in
configure:9000: gcc -c -g -O2  conftest.c >&5
configure:9003: $? = 0
configure:9018: gcc -shared conftest.o  -v -Wl,-soname -Wl,conftest -o conftest 2\>\&1 \| /bin/grep  -lc  \>/dev/null 2\>\&1
configure:9021: $? = 0
configure:9033: result: no
configure:9197: checking dynamic linker characteristics
configure:9630: gcc -o conftest -g -O2   -Wl,-rpath -Wl,/foo conftest.c  >&5
configure:9630: $? = 0
configure:9860: result: GNU/Linux ld.so
configure:9962: checking how to hardcode library paths into programs
configure:9987: result: immediate
configure:10507: checking whether stripping libraries is possible
configure:10512: result: yes
configure:10547: checking if libtool supports shared libraries
configure:10549: result: yes
configure:10552: checking whether to build shared libraries
configure:10573: result: yes
configure:10576: checking whether to build static libraries
configure:10580: result: yes
configure:10837: checking for g++
configure:10853: found /usr/bin/g++
configure:10864: result: g++
configure:10891: checking for C++ compiler version
configure:10900: g++ --version >&5
g++ (GCC) 4.2.4 (Ubuntu 4.2.4-5ubuntu1)
Copyright (C) 2007 Free Software Foundation, Inc.
This is free software; see the source for copying conditions.  There is NO
warranty; not even for MERCHANTABILITY or FITNESS FOR A PARTICULAR PURPOSE.

configure:10911: $? = 0
configure:10900: g++ -v >&5
Using built-in specs.
Target: x86_64-linux-gnu
Configured with: ../src/configure -v --enable-languages=c,c++,fortran,objc,obj-c++ --prefix=/usr --enable-shared --with-system-zlib --libexecdir=/usr/lib --without-included-gettext --enable-threads=posix --enable-nls --with-gxx-include-dir=/usr/include/c++/4.2 --program-suffix=-4.2 --enable-clocale=gnu --enable-libstdcxx-debug --enable-objc-gc --enable-mpfr --with-tune=generic --enable-checking=release --build=x86_64-linux-gnu --host=x86_64-linux-gnu --target=x86_64-linux-gnu
Thread model: posix
gcc version 4.2.4 (Ubuntu 4.2.4-5ubuntu1)
configure:10911: $? = 0
configure:10900: g++ -V >&5
g++: '-V' option must have argument
configure:10911: $? = 1
configure:10900: g++ -qversion >&5
g++: unrecognized option '-qversion'
g++: no input files
configure:10911: $? = 1
configure:10915: checking whether we are using the GNU C++ compiler
configure:10934: g++ -c  -O3  conftest.cpp >&5
configure:10934: $? = 0
configure:10943: result: yes
configure:10952: checking whether g++ accepts -g
configure:10972: g++ -c -g  conftest.cpp >&5
configure:10972: $? = 0
configure:11013: result: yes
configure:11038: checking dependency style of g++
configure:11148: result: gcc3
configure:11276: checking for C++ compiler version
configure:11285: g++ --version >&5
g++ (GCC) 4.2.4 (Ubuntu 4.2.4-5ubuntu1)
Copyright (C) 2007 Free Software Foundation, Inc.
This is free software; see the source for copying conditions.  There is NO
warranty; not even for MERCHANTABILITY or FITNESS FOR A PARTICULAR PURPOSE.

configure:11296: $? = 0
configure:11285: g++ -v >&5
Using built-in specs.
Target: x86_64-linux-gnu
Configured with: ../src/configure -v --enable-languages=c,c++,fortran,objc,obj-c++ --prefix=/usr --enable-shared --with-system-zlib --libexecdir=/usr/lib --without-included-gettext --enable-threads=posix --enable-nls --with-gxx-include-dir=/usr/include/c++/4.2 --program-suffix=-4.2 --enable-clocale=gnu --enable-libstdcxx-debug --enable-objc-gc --enable-mpfr --with-tune=generic --enable-checking=release --build=x86_64-linux-gnu --host=x86_64-linux-gnu --target=x86_64-linux-gnu
Thread model: posix
gcc version 4.2.4 (Ubuntu 4.2.4-5ubuntu1)
configure:11296: $? = 0
configure:11285: g++ -V >&5
g++: '-V' option must have argument
configure:11296: $? = 1
configure:11285: g++ -qversion >&5
g++: unrecognized option '-qversion'
g++: no input files
configure:11296: $? = 1
configure:11300: checking whether we are using the GNU C++ compiler
configure:11328: result: yes
configure:11337: checking whether g++ accepts -g
configure:11398: result: yes
configure:11423: checking dependency style of g++
configure:11533: result: gcc3
configure:11556: checking how to run the C++ preprocessor
configure:11583: g++ -E  conftest.cpp
configure:11583: $? = 0
configure:11597: g++ -E  conftest.cpp
conftest.cpp:23:28: error: ac_nonexistent.h: No such file or directory
configure:11597: $? = 1
configure: failed program was:
| /* confdefs.h */
| #define PACKAGE_NAME ""
| #define PACKAGE_TARNAME ""
| #define PACKAGE_VERSION ""
| #define PACKAGE_STRING ""
| #define PACKAGE_BUGREPORT ""
| #define PACKAGE_URL ""
| #define PACKAGE "libtnl"
| #define VERSION "0.1"
| #define STDC_HEADERS 1
| #define HAVE_SYS_TYPES_H 1
| #define HAVE_SYS_STAT_H 1
| #define HAVE_STDLIB_H 1
| #define HAVE_STRING_H 1
| #define HAVE_MEMORY_H 1
| #define HAVE_STRINGS_H 1
| #define HAVE_INTTYPES_H 1
| #define HAVE_STDINT_H 1
| #define HAVE_UNISTD_H 1
| #define HAVE_DLFCN_H 1
| #define LT_OBJDIR ".libs/"
| /* end confdefs.h.  */
| #include <ac_nonexistent.h>
configure:11622: result: g++ -E
configure:11642: g++ -E  conftest.cpp
configure:11642: $? = 0
configure:11656: g++ -E  conftest.cpp
conftest.cpp:23:28: error: ac_nonexistent.h: No such file or directory
configure:11656: $? = 1
configure: failed program was:
| /* confdefs.h */
| #define PACKAGE_NAME ""
| #define PACKAGE_TARNAME ""
| #define PACKAGE_VERSION ""
| #define PACKAGE_STRING ""
| #define PACKAGE_BUGREPORT ""
| #define PACKAGE_URL ""
| #define PACKAGE "libtnl"
| #define VERSION "0.1"
| #define STDC_HEADERS 1
| #define HAVE_SYS_TYPES_H 1
| #define HAVE_SYS_STAT_H 1
| #define HAVE_STDLIB_H 1
| #define HAVE_STRING_H 1
| #define HAVE_MEMORY_H 1
| #define HAVE_STRINGS_H 1
| #define HAVE_INTTYPES_H 1
| #define HAVE_STDINT_H 1
| #define HAVE_UNISTD_H 1
| #define HAVE_DLFCN_H 1
| #define LT_OBJDIR ".libs/"
| /* end confdefs.h.  */
| #include <ac_nonexistent.h>
configure:11824: checking for ld used by g++
configure:11891: result: /usr/bin/ld -m elf_x86_64
configure:11898: checking if the linker (/usr/bin/ld -m elf_x86_64) is GNU ld
configure:11913: result: yes
configure:11968: checking whether the g++ linker (/usr/bin/ld -m elf_x86_64) supports shared libraries
configure:12881: result: yes
configure:12909: g++ -c  -O3  conftest.cpp >&5
configure:12912: $? = 0
configure:13094: checking for g++ option to produce PIC
configure:13411: result: -fPIC -DPIC
configure:13420: checking if g++ PIC flag -fPIC -DPIC works
configure:13438: g++ -c  -O3  -fPIC -DPIC -DPIC conftest.cpp >&5
configure:13442: $? = 0
configure:13455: result: yes
configure:13476: checking if g++ static flag -static works
configure:13504: result: yes
configure:13516: checking if g++ supports -c -o file.o
configure:13537: g++ -c  -O3  -o out/conftest2.o conftest.cpp >&5
configure:13541: $? = 0
configure:13563: result: yes
configure:13568: checking if g++ supports -c -o file.o
configure:13615: result: yes
configure:13645: checking whether the g++ linker (/usr/bin/ld -m elf_x86_64) supports shared libraries
configure:13674: result: yes
configure:13811: checking dynamic linker characteristics
configure:14192: g++ -o conftest  -O3   -Wl,-rpath -Wl,/foo conftest.cpp  >&5
configure:14192: $? = 0
configure:14422: result: GNU/Linux ld.so
configure:14473: checking how to hardcode library paths into programs
configure:14498: result: immediate
configure:14541: checking for gawk
configure:14568: result: gawk
configure:14582: checking for bzero
configure:14582: gcc -o conftest -g -O2   conftest.c  >&5
conftest.c:46: warning: conflicting types for built-in function 'bzero'
configure:14582: $? = 0
configure:14582: result: yes
configure:14593: checking for pow
configure:14593: gcc -o conftest -g -O2   conftest.c  >&5
conftest.c:47: warning: conflicting types for built-in function 'pow'
/tmp/cc6WnzGl.o: In function `main':
/home/oberhuber/num/tnl-0.1/conftest.c:58: undefined reference to `pow'
collect2: ld returned 1 exit status
configure:14593: $? = 1
configure: failed program was:
| /* confdefs.h */
| #define PACKAGE_NAME ""
| #define PACKAGE_TARNAME ""
| #define PACKAGE_VERSION ""
| #define PACKAGE_STRING ""
| #define PACKAGE_BUGREPORT ""
| #define PACKAGE_URL ""
| #define PACKAGE "libtnl"
| #define VERSION "0.1"
| #define STDC_HEADERS 1
| #define HAVE_SYS_TYPES_H 1
| #define HAVE_SYS_STAT_H 1
| #define HAVE_STDLIB_H 1
| #define HAVE_STRING_H 1
| #define HAVE_MEMORY_H 1
| #define HAVE_STRINGS_H 1
| #define HAVE_INTTYPES_H 1
| #define HAVE_STDINT_H 1
| #define HAVE_UNISTD_H 1
| #define HAVE_DLFCN_H 1
| #define LT_OBJDIR ".libs/"
| #define HAVE_BZERO 1
| /* end confdefs.h.  */
| /* Define pow to an innocuous variant, in case <limits.h> declares pow.
|    For example, HP-UX 11i <limits.h> declares gettimeofday.  */
| #define pow innocuous_pow
| 
| /* System header to define __stub macros and hopefully few prototypes,
|     which can conflict with char pow (); below.
|     Prefer <limits.h> to <assert.h> if __STDC__ is defined, since
|     <limits.h> exists even on freestanding compilers.  */
| 
| #ifdef __STDC__
| # include <limits.h>
| #else
| # include <assert.h>
| #endif
| 
| #undef pow
| 
| /* Override any GCC internal prototype to avoid an error.
|    Use char because int might match the return type of a GCC
|    builtin and then its argument prototype would still apply.  */
| #ifdef __cplusplus
| extern "C"
| #endif
| char pow ();
| /* The GNU C library defines this for functions which it implements
|     to always fail with ENOSYS.  Some functions are actually named
|     something starting with __ and the normal name is an alias.  */
| #if defined __stub_pow || defined __stub___pow
| choke me
| #endif
| 
| int
| main ()
| {
| return pow ();
|   ;
|   return 0;
| }
configure:14593: result: no
configure:14604: checking for sqrt
configure:14604: gcc -o conftest -g -O2   conftest.c  >&5
conftest.c:47: warning: conflicting types for built-in function 'sqrt'
/tmp/ccQuqkxt.o: In function `main':
/home/oberhuber/num/tnl-0.1/conftest.c:58: undefined reference to `sqrt'
collect2: ld returned 1 exit status
configure:14604: $? = 1
configure: failed program was:
| /* confdefs.h */
| #define PACKAGE_NAME ""
| #define PACKAGE_TARNAME ""
| #define PACKAGE_VERSION ""
| #define PACKAGE_STRING ""
| #define PACKAGE_BUGREPORT ""
| #define PACKAGE_URL ""
| #define PACKAGE "libtnl"
| #define VERSION "0.1"
| #define STDC_HEADERS 1
| #define HAVE_SYS_TYPES_H 1
| #define HAVE_SYS_STAT_H 1
| #define HAVE_STDLIB_H 1
| #define HAVE_STRING_H 1
| #define HAVE_MEMORY_H 1
| #define HAVE_STRINGS_H 1
| #define HAVE_INTTYPES_H 1
| #define HAVE_STDINT_H 1
| #define HAVE_UNISTD_H 1
| #define HAVE_DLFCN_H 1
| #define LT_OBJDIR ".libs/"
| #define HAVE_BZERO 1
| /* end confdefs.h.  */
| /* Define sqrt to an innocuous variant, in case <limits.h> declares sqrt.
|    For example, HP-UX 11i <limits.h> declares gettimeofday.  */
| #define sqrt innocuous_sqrt
| 
| /* System header to define __stub macros and hopefully few prototypes,
|     which can conflict with char sqrt (); below.
|     Prefer <limits.h> to <assert.h> if __STDC__ is defined, since
|     <limits.h> exists even on freestanding compilers.  */
| 
| #ifdef __STDC__
| # include <limits.h>
| #else
| # include <assert.h>
| #endif
| 
| #undef sqrt
| 
| /* Override any GCC internal prototype to avoid an error.
|    Use char because int might match the return type of a GCC
|    builtin and then its argument prototype would still apply.  */
| #ifdef __cplusplus
| extern "C"
| #endif
| char sqrt ();
| /* The GNU C library defines this for functions which it implements
|     to always fail with ENOSYS.  Some functions are actually named
|     something starting with __ and the normal name is an alias.  */
| #if defined __stub_sqrt || defined __stub___sqrt
| choke me
| #endif
| 
| int
| main ()
| {
| return sqrt ();
|   ;
|   return 0;
| }
configure:14604: result: no
configure:14614: checking for an ANSI C-conforming const
configure:14679: gcc -c -g -O2  conftest.c >&5
configure:14679: $? = 0
configure:14686: result: yes
configure:14694: checking for inline
configure:14710: gcc -c -g -O2  conftest.c >&5
configure:14710: $? = 0
configure:14718: result: inline
configure:14736: checking for error_at_line
configure:14752: gcc -o conftest -g -O2   conftest.c  >&5
configure:14752: $? = 0
configure:14760: result: yes
configure:14772: checking for ANSI C header files
configure:14876: result: yes
configure:14886: checking float.h usability
configure:14886: gcc -c -g -O2  conftest.c >&5
configure:14886: $? = 0
configure:14886: result: yes
configure:14886: checking float.h presence
configure:14886: gcc -E  conftest.c
configure:14886: $? = 0
configure:14886: result: yes
configure:14886: checking for float.h
configure:14886: result: yes
configure:14898: checking math.h usability
configure:14898: gcc -c -g -O2  conftest.c >&5
configure:14898: $? = 0
configure:14898: result: yes
configure:14898: checking math.h presence
configure:14898: gcc -E  conftest.c
configure:14898: $? = 0
configure:14898: result: yes
configure:14898: checking for math.h
configure:14898: result: yes
configure:14910: checking iostream usability
configure:14910: gcc -c -g -O2  conftest.c >&5
conftest.c:60:20: error: iostream: No such file or directory
configure:14910: $? = 1
configure: failed program was:
| /* confdefs.h */
| #define PACKAGE_NAME ""
| #define PACKAGE_TARNAME ""
| #define PACKAGE_VERSION ""
| #define PACKAGE_STRING ""
| #define PACKAGE_BUGREPORT ""
| #define PACKAGE_URL ""
| #define PACKAGE "libtnl"
| #define VERSION "0.1"
| #define STDC_HEADERS 1
| #define HAVE_SYS_TYPES_H 1
| #define HAVE_SYS_STAT_H 1
| #define HAVE_STDLIB_H 1
| #define HAVE_STRING_H 1
| #define HAVE_MEMORY_H 1
| #define HAVE_STRINGS_H 1
| #define HAVE_INTTYPES_H 1
| #define HAVE_STDINT_H 1
| #define HAVE_UNISTD_H 1
| #define HAVE_DLFCN_H 1
| #define LT_OBJDIR ".libs/"
| #define HAVE_BZERO 1
| #define STDC_HEADERS 1
| #define HAVE_FLOAT_H 1
| #define HAVE_MATH_H 1
| /* end confdefs.h.  */
| #include <stdio.h>
| #ifdef HAVE_SYS_TYPES_H
| # include <sys/types.h>
| #endif
| #ifdef HAVE_SYS_STAT_H
| # include <sys/stat.h>
| #endif
| #ifdef STDC_HEADERS
| # include <stdlib.h>
| # include <stddef.h>
| #else
| # ifdef HAVE_STDLIB_H
| #  include <stdlib.h>
| # endif
| #endif
| #ifdef HAVE_STRING_H
| # if !defined STDC_HEADERS && defined HAVE_MEMORY_H
| #  include <memory.h>
| # endif
| # include <string.h>
| #endif
| #ifdef HAVE_STRINGS_H
| # include <strings.h>
| #endif
| #ifdef HAVE_INTTYPES_H
| # include <inttypes.h>
| #endif
| #ifdef HAVE_STDINT_H
| # include <stdint.h>
| #endif
| #ifdef HAVE_UNISTD_H
| # include <unistd.h>
| #endif
| #include <iostream>
configure:14910: result: no
configure:14910: checking iostream presence
configure:14910: gcc -E  conftest.c
conftest.c:27:20: error: iostream: No such file or directory
configure:14910: $? = 1
configure: failed program was:
| /* confdefs.h */
| #define PACKAGE_NAME ""
| #define PACKAGE_TARNAME ""
| #define PACKAGE_VERSION ""
| #define PACKAGE_STRING ""
| #define PACKAGE_BUGREPORT ""
| #define PACKAGE_URL ""
| #define PACKAGE "libtnl"
| #define VERSION "0.1"
| #define STDC_HEADERS 1
| #define HAVE_SYS_TYPES_H 1
| #define HAVE_SYS_STAT_H 1
| #define HAVE_STDLIB_H 1
| #define HAVE_STRING_H 1
| #define HAVE_MEMORY_H 1
| #define HAVE_STRINGS_H 1
| #define HAVE_INTTYPES_H 1
| #define HAVE_STDINT_H 1
| #define HAVE_UNISTD_H 1
| #define HAVE_DLFCN_H 1
| #define LT_OBJDIR ".libs/"
| #define HAVE_BZERO 1
| #define STDC_HEADERS 1
| #define HAVE_FLOAT_H 1
| #define HAVE_MATH_H 1
| /* end confdefs.h.  */
| #include <iostream>
configure:14910: result: no
configure:14910: checking for iostream
configure:14910: result: no
configure:14922: checking fstream usability
configure:14922: gcc -c -g -O2  conftest.c >&5
conftest.c:60:19: error: fstream: No such file or directory
configure:14922: $? = 1
configure: failed program was:
| /* confdefs.h */
| #define PACKAGE_NAME ""
| #define PACKAGE_TARNAME ""
| #define PACKAGE_VERSION ""
| #define PACKAGE_STRING ""
| #define PACKAGE_BUGREPORT ""
| #define PACKAGE_URL ""
| #define PACKAGE "libtnl"
| #define VERSION "0.1"
| #define STDC_HEADERS 1
| #define HAVE_SYS_TYPES_H 1
| #define HAVE_SYS_STAT_H 1
| #define HAVE_STDLIB_H 1
| #define HAVE_STRING_H 1
| #define HAVE_MEMORY_H 1
| #define HAVE_STRINGS_H 1
| #define HAVE_INTTYPES_H 1
| #define HAVE_STDINT_H 1
| #define HAVE_UNISTD_H 1
| #define HAVE_DLFCN_H 1
| #define LT_OBJDIR ".libs/"
| #define HAVE_BZERO 1
| #define STDC_HEADERS 1
| #define HAVE_FLOAT_H 1
| #define HAVE_MATH_H 1
| /* end confdefs.h.  */
| #include <stdio.h>
| #ifdef HAVE_SYS_TYPES_H
| # include <sys/types.h>
| #endif
| #ifdef HAVE_SYS_STAT_H
| # include <sys/stat.h>
| #endif
| #ifdef STDC_HEADERS
| # include <stdlib.h>
| # include <stddef.h>
| #else
| # ifdef HAVE_STDLIB_H
| #  include <stdlib.h>
| # endif
| #endif
| #ifdef HAVE_STRING_H
| # if !defined STDC_HEADERS && defined HAVE_MEMORY_H
| #  include <memory.h>
| # endif
| # include <string.h>
| #endif
| #ifdef HAVE_STRINGS_H
| # include <strings.h>
| #endif
| #ifdef HAVE_INTTYPES_H
| # include <inttypes.h>
| #endif
| #ifdef HAVE_STDINT_H
| # include <stdint.h>
| #endif
| #ifdef HAVE_UNISTD_H
| # include <unistd.h>
| #endif
| #include <fstream>
configure:14922: result: no
configure:14922: checking fstream presence
configure:14922: gcc -E  conftest.c
conftest.c:27:19: error: fstream: No such file or directory
configure:14922: $? = 1
configure: failed program was:
| /* confdefs.h */
| #define PACKAGE_NAME ""
| #define PACKAGE_TARNAME ""
| #define PACKAGE_VERSION ""
| #define PACKAGE_STRING ""
| #define PACKAGE_BUGREPORT ""
| #define PACKAGE_URL ""
| #define PACKAGE "libtnl"
| #define VERSION "0.1"
| #define STDC_HEADERS 1
| #define HAVE_SYS_TYPES_H 1
| #define HAVE_SYS_STAT_H 1
| #define HAVE_STDLIB_H 1
| #define HAVE_STRING_H 1
| #define HAVE_MEMORY_H 1
| #define HAVE_STRINGS_H 1
| #define HAVE_INTTYPES_H 1
| #define HAVE_STDINT_H 1
| #define HAVE_UNISTD_H 1
| #define HAVE_DLFCN_H 1
| #define LT_OBJDIR ".libs/"
| #define HAVE_BZERO 1
| #define STDC_HEADERS 1
| #define HAVE_FLOAT_H 1
| #define HAVE_MATH_H 1
| /* end confdefs.h.  */
| #include <fstream>
configure:14922: result: no
configure:14922: checking for fstream
configure:14922: result: no
configure:14934: checking iomanip usability
configure:14934: gcc -c -g -O2  conftest.c >&5
conftest.c:60:19: error: iomanip: No such file or directory
configure:14934: $? = 1
configure: failed program was:
| /* confdefs.h */
| #define PACKAGE_NAME ""
| #define PACKAGE_TARNAME ""
| #define PACKAGE_VERSION ""
| #define PACKAGE_STRING ""
| #define PACKAGE_BUGREPORT ""
| #define PACKAGE_URL ""
| #define PACKAGE "libtnl"
| #define VERSION "0.1"
| #define STDC_HEADERS 1
| #define HAVE_SYS_TYPES_H 1
| #define HAVE_SYS_STAT_H 1
| #define HAVE_STDLIB_H 1
| #define HAVE_STRING_H 1
| #define HAVE_MEMORY_H 1
| #define HAVE_STRINGS_H 1
| #define HAVE_INTTYPES_H 1
| #define HAVE_STDINT_H 1
| #define HAVE_UNISTD_H 1
| #define HAVE_DLFCN_H 1
| #define LT_OBJDIR ".libs/"
| #define HAVE_BZERO 1
| #define STDC_HEADERS 1
| #define HAVE_FLOAT_H 1
| #define HAVE_MATH_H 1
| /* end confdefs.h.  */
| #include <stdio.h>
| #ifdef HAVE_SYS_TYPES_H
| # include <sys/types.h>
| #endif
| #ifdef HAVE_SYS_STAT_H
| # include <sys/stat.h>
| #endif
| #ifdef STDC_HEADERS
| # include <stdlib.h>
| # include <stddef.h>
| #else
| # ifdef HAVE_STDLIB_H
| #  include <stdlib.h>
| # endif
| #endif
| #ifdef HAVE_STRING_H
| # if !defined STDC_HEADERS && defined HAVE_MEMORY_H
| #  include <memory.h>
| # endif
| # include <string.h>
| #endif
| #ifdef HAVE_STRINGS_H
| # include <strings.h>
| #endif
| #ifdef HAVE_INTTYPES_H
| # include <inttypes.h>
| #endif
| #ifdef HAVE_STDINT_H
| # include <stdint.h>
| #endif
| #ifdef HAVE_UNISTD_H
| # include <unistd.h>
| #endif
| #include <iomanip>
configure:14934: result: no
configure:14934: checking iomanip presence
configure:14934: gcc -E  conftest.c
conftest.c:27:19: error: iomanip: No such file or directory
configure:14934: $? = 1
configure: failed program was:
| /* confdefs.h */
| #define PACKAGE_NAME ""
| #define PACKAGE_TARNAME ""
| #define PACKAGE_VERSION ""
| #define PACKAGE_STRING ""
| #define PACKAGE_BUGREPORT ""
| #define PACKAGE_URL ""
| #define PACKAGE "libtnl"
| #define VERSION "0.1"
| #define STDC_HEADERS 1
| #define HAVE_SYS_TYPES_H 1
| #define HAVE_SYS_STAT_H 1
| #define HAVE_STDLIB_H 1
| #define HAVE_STRING_H 1
| #define HAVE_MEMORY_H 1
| #define HAVE_STRINGS_H 1
| #define HAVE_INTTYPES_H 1
| #define HAVE_STDINT_H 1
| #define HAVE_UNISTD_H 1
| #define HAVE_DLFCN_H 1
| #define LT_OBJDIR ".libs/"
| #define HAVE_BZERO 1
| #define STDC_HEADERS 1
| #define HAVE_FLOAT_H 1
| #define HAVE_MATH_H 1
| /* end confdefs.h.  */
| #include <iomanip>
configure:14934: result: no
configure:14934: checking for iomanip
configure:14934: result: no
configure:14946: checking sys/resource.h usability
configure:14946: gcc -c -g -O2  conftest.c >&5
configure:14946: $? = 0
configure:14946: result: yes
configure:14946: checking sys/resource.h presence
configure:14946: gcc -E  conftest.c
configure:14946: $? = 0
configure:14946: result: yes
configure:14946: checking for sys/resource.h
configure:14946: result: yes
configure:14958: checking stddef.h usability
configure:14958: gcc -c -g -O2  conftest.c >&5
configure:14958: $? = 0
configure:14958: result: yes
configure:14958: checking stddef.h presence
configure:14958: gcc -E  conftest.c
configure:14958: $? = 0
configure:14958: result: yes
configure:14958: checking for stddef.h
configure:14958: result: yes
configure:14970: checking sys/time.h usability
configure:14970: gcc -c -g -O2  conftest.c >&5
configure:14970: $? = 0
configure:14970: result: yes
configure:14970: checking sys/time.h presence
configure:14970: gcc -E  conftest.c
configure:14970: $? = 0
configure:14970: result: yes
configure:14970: checking for sys/time.h
configure:14970: result: yes
configure:14995: checking for mpic++
configure:15011: found /usr/bin/mpic++
configure:15023: result: yes
configure:15094: checking mpi.h usability
configure:15094: g++ -c  -O3 -I/usr/lib/openmpi/include -I/usr/lib/openmpi/include/openmpi -pthread  conftest.cpp >&5
configure:15094: $? = 0
configure:15094: result: yes
configure:15094: checking mpi.h presence
configure:15094: g++ -E  conftest.cpp
conftest.cpp:30:17: error: mpi.h: No such file or directory
configure:15094: $? = 1
configure: failed program was:
| /* confdefs.h */
| #define PACKAGE_NAME ""
| #define PACKAGE_TARNAME ""
| #define PACKAGE_VERSION ""
| #define PACKAGE_STRING ""
| #define PACKAGE_BUGREPORT ""
| #define PACKAGE_URL ""
| #define PACKAGE "libtnl"
| #define VERSION "0.1"
| #define STDC_HEADERS 1
| #define HAVE_SYS_TYPES_H 1
| #define HAVE_SYS_STAT_H 1
| #define HAVE_STDLIB_H 1
| #define HAVE_STRING_H 1
| #define HAVE_MEMORY_H 1
| #define HAVE_STRINGS_H 1
| #define HAVE_INTTYPES_H 1
| #define HAVE_STDINT_H 1
| #define HAVE_UNISTD_H 1
| #define HAVE_DLFCN_H 1
| #define LT_OBJDIR ".libs/"
| #define HAVE_BZERO 1
| #define STDC_HEADERS 1
| #define HAVE_FLOAT_H 1
| #define HAVE_MATH_H 1
| #define HAVE_SYS_RESOURCE_H 1
| #define HAVE_STDDEF_H 1
| #define HAVE_SYS_TIME_H 1
| /* end confdefs.h.  */
| #include <mpi.h>
configure:15094: result: no
configure:15094: WARNING: mpi.h: accepted by the compiler, rejected by the preprocessor!
configure:15094: WARNING: mpi.h: proceeding with the compiler's result
configure:15094: checking for mpi.h
configure:15094: result: yes
configure:15343: creating ./config.status

## ---------------- ##
## Cache variables. ##
## ---------------- ##

ac_cv_build=x86_64-unknown-linux-gnu
ac_cv_c_compiler_gnu=yes
ac_cv_c_const=yes
ac_cv_c_inline=inline
ac_cv_cxx_compiler_gnu=yes
ac_cv_env_CCC_set=
ac_cv_env_CCC_value=
ac_cv_env_CC_set=
ac_cv_env_CC_value=
ac_cv_env_CFLAGS_set=
ac_cv_env_CFLAGS_value=
ac_cv_env_CPPFLAGS_set=
ac_cv_env_CPPFLAGS_value=
ac_cv_env_CPP_set=
ac_cv_env_CPP_value=
ac_cv_env_CXXCPP_set=
ac_cv_env_CXXCPP_value=
ac_cv_env_CXXFLAGS_set=
ac_cv_env_CXXFLAGS_value=
ac_cv_env_CXX_set=
ac_cv_env_CXX_value=
ac_cv_env_LDFLAGS_set=
ac_cv_env_LDFLAGS_value=
ac_cv_env_LIBS_set=
ac_cv_env_LIBS_value=
ac_cv_env_build_alias_set=
ac_cv_env_build_alias_value=
ac_cv_env_host_alias_set=
ac_cv_env_host_alias_value=
ac_cv_env_target_alias_set=
ac_cv_env_target_alias_value=
ac_cv_func_bzero=yes
ac_cv_func_pow=no
ac_cv_func_sqrt=no
ac_cv_header_dlfcn_h=yes
ac_cv_header_float_h=yes
ac_cv_header_fstream=no
ac_cv_header_inttypes_h=yes
ac_cv_header_iomanip=no
ac_cv_header_iostream=no
ac_cv_header_math_h=yes
ac_cv_header_memory_h=yes
ac_cv_header_mpi_h=yes
ac_cv_header_stdc=yes
ac_cv_header_stddef_h=yes
ac_cv_header_stdint_h=yes
ac_cv_header_stdlib_h=yes
ac_cv_header_string_h=yes
ac_cv_header_strings_h=yes
ac_cv_header_sys_resource_h=yes
ac_cv_header_sys_stat_h=yes
ac_cv_header_sys_time_h=yes
ac_cv_header_sys_types_h=yes
ac_cv_header_unistd_h=yes
ac_cv_host=x86_64-unknown-linux-gnu
ac_cv_lib_error_at_line=yes
ac_cv_objext=o
ac_cv_path_EGREP='/bin/grep -E'
ac_cv_path_FGREP='/bin/grep -F'
ac_cv_path_GREP=/bin/grep
ac_cv_path_SED=/bin/sed
ac_cv_path_install='/usr/bin/install -c'
ac_cv_path_mkdir=/bin/mkdir
ac_cv_prog_AWK=gawk
ac_cv_prog_CPP='gcc -E'
ac_cv_prog_CXXCPP='g++ -E'
ac_cv_prog_MPICXX=yes
ac_cv_prog_ac_ct_AR=ar
ac_cv_prog_ac_ct_CC=gcc
ac_cv_prog_ac_ct_CXX=g++
ac_cv_prog_ac_ct_OBJDUMP=objdump
ac_cv_prog_ac_ct_RANLIB=ranlib
ac_cv_prog_ac_ct_STRIP=strip
ac_cv_prog_cc_c89=
ac_cv_prog_cc_g=yes
ac_cv_prog_cxx_g=yes
ac_cv_prog_make_make_set=yes
am_cv_CC_dependencies_compiler_type=gcc3
am_cv_CXX_dependencies_compiler_type=gcc3
lt_cv_deplibs_check_method=pass_all
lt_cv_file_magic_cmd='$MAGIC_CMD'
lt_cv_file_magic_test_file=
lt_cv_ld_reload_flag=-r
lt_cv_nm_interface='BSD nm'
lt_cv_objdir=.libs
lt_cv_path_LD=/usr/bin/ld
lt_cv_path_LDCXX='/usr/bin/ld -m elf_x86_64'
lt_cv_path_NM='/usr/bin/nm -B'
lt_cv_prog_compiler_c_o=yes
lt_cv_prog_compiler_c_o_CXX=yes
lt_cv_prog_compiler_pic_works=yes
lt_cv_prog_compiler_pic_works_CXX=yes
lt_cv_prog_compiler_rtti_exceptions=no
lt_cv_prog_compiler_static_works=yes
lt_cv_prog_compiler_static_works_CXX=yes
lt_cv_prog_gnu_ld=yes
lt_cv_prog_gnu_ldcxx=yes
lt_cv_sys_global_symbol_pipe='sed -n -e '\''s/^.*[	 ]\([ABCDGIRSTW][ABCDGIRSTW]*\)[	 ][	 ]*\([_A-Za-z][_A-Za-z0-9]*\)$/\1 \2 \2/p'\'''
lt_cv_sys_global_symbol_to_c_name_address='sed -n -e '\''s/^: \([^ ]*\) $/  {\"\1\", (void *) 0},/p'\'' -e '\''s/^[ABCDGIRSTW]* \([^ ]*\) \([^ ]*\)$/  {"\2", (void *) \&\2},/p'\'''
lt_cv_sys_global_symbol_to_c_name_address_lib_prefix='sed -n -e '\''s/^: \([^ ]*\) $/  {\"\1\", (void *) 0},/p'\'' -e '\''s/^[ABCDGIRSTW]* \([^ ]*\) \(lib[^ ]*\)$/  {"\2", (void *) \&\2},/p'\'' -e '\''s/^[ABCDGIRSTW]* \([^ ]*\) \([^ ]*\)$/  {"lib\2", (void *) \&\2},/p'\'''
lt_cv_sys_global_symbol_to_cdecl='sed -n -e '\''s/^T .* \(.*\)$/extern int \1();/p'\'' -e '\''s/^[ABCDGIRSTW]* .* \(.*\)$/extern char \1;/p'\'''
lt_cv_sys_max_cmd_len=3458764513820540925

## ----------------- ##
## Output variables. ##
## ----------------- ##

ACLOCAL='${SHELL} /home/oberhuber/num/tnl-0.1/missing --run aclocal-1.11'
AMDEPBACKSLASH='\'
AMDEP_FALSE='#'
AMDEP_TRUE=''
AMTAR='${SHELL} /home/oberhuber/num/tnl-0.1/missing --run tar'
AR='ar'
AUTOCONF='${SHELL} /home/oberhuber/num/tnl-0.1/missing --run autoconf'
AUTOHEADER='${SHELL} /home/oberhuber/num/tnl-0.1/missing --run autoheader'
AUTOMAKE='${SHELL} /home/oberhuber/num/tnl-0.1/missing --run automake-1.11'
AWK='gawk'
BUILDMPI_FALSE='#'
BUILDMPI_TRUE=''
CC='gcc'
CCDEPMODE='depmode=gcc3'
CFLAGS='-g -O2'
CPP='gcc -E'
CPPFLAGS=''
CXX='g++'
CXXCPP='g++ -E'
CXXDEPMODE='depmode=gcc3'
CXXFLAGS=' -O3 -I../core -I../debug -I../diff -I../dist '
CYGPATH_W='echo'
DEFS='-DHAVE_CONFIG_H'
DEPDIR='.deps'
DSYMUTIL=''
DUMPBIN=''
ECHO_C=''
ECHO_N='-n'
ECHO_T=''
EGREP='/bin/grep -E'
EXEEXT=''
FGREP='/bin/grep -F'
GREP='/bin/grep'
INSTALL_DATA='${INSTALL} -m 644'
INSTALL_PROGRAM='${INSTALL}'
INSTALL_SCRIPT='${INSTALL}'
INSTALL_STRIP_PROGRAM='$(install_sh) -c -s'
LD='/usr/bin/ld -m elf_x86_64'
LDFLAGS=''
LIBOBJS=''
LIBS=''
LIBTOOL='$(SHELL) $(top_builddir)/libtool'
LIPO=''
LN_S='ln -s'
LTLIBOBJS=''
MAKEINFO='${SHELL} /home/oberhuber/num/tnl-0.1/missing --run makeinfo'
MKDIR_P='/bin/mkdir -p'
MPICC=''
MPICXX='yes'
MPICXXFLAGS='-I/usr/lib/openmpi/include -I/usr/lib/openmpi/include/openmpi -pthread -DHAVE_MPI'
MPILDFLAGS='-pthread -L/usr/lib/openmpi/lib -lmpi_cxx -lmpi -lopen-rte -lopen-pal -ldl -Wl,--export-dynamic -lnsl -lutil -lm -ldl'
NM='/usr/bin/nm -B'
NMEDIT=''
OBJDUMP='objdump'
OBJEXT='o'
OTOOL64=''
OTOOL=''
PACKAGE='libtnl'
PACKAGE_BUGREPORT=''
PACKAGE_NAME=''
PACKAGE_STRING=''
PACKAGE_TARNAME=''
PACKAGE_URL=''
PACKAGE_VERSION=''
PATH_SEPARATOR=':'
RANLIB='ranlib'
SED='/bin/sed'
SET_MAKE=''
SHELL='/bin/bash'
STRIP='strip'
VERSION='0.1'
ac_ct_CC='gcc'
ac_ct_CXX='g++'
ac_ct_DUMPBIN=''
am__EXEEXT_FALSE=''
am__EXEEXT_TRUE='#'
am__fastdepCC_FALSE='#'
am__fastdepCC_TRUE=''
am__fastdepCXX_FALSE='#'
am__fastdepCXX_TRUE=''
am__include='include'
am__isrc=''
am__leading_dot='.'
am__quote=''
am__tar='${AMTAR} chof - "$$tardir"'
am__untar='${AMTAR} xf -'
bindir='${exec_prefix}/bin'
build='x86_64-unknown-linux-gnu'
build_alias=''
build_cpu='x86_64'
build_os='linux-gnu'
build_vendor='unknown'
datadir='${datarootdir}'
datarootdir='${prefix}/share'
docdir='${datarootdir}/doc/${PACKAGE}'
dvidir='${docdir}'
exec_prefix='${prefix}'
host='x86_64-unknown-linux-gnu'
host_alias=''
host_cpu='x86_64'
host_os='linux-gnu'
host_vendor='unknown'
htmldir='${docdir}'
includedir='${prefix}/include'
infodir='${datarootdir}/info'
install_sh='${SHELL} /home/oberhuber/num/tnl-0.1/install-sh'
libdir='${exec_prefix}/lib'
libexecdir='${exec_prefix}/libexec'
localedir='${datarootdir}/locale'
localstatedir='${prefix}/var'
lt_ECHO='echo'
mandir='${datarootdir}/man'
mkdir_p='/bin/mkdir -p'
oldincludedir='/usr/include'
pdfdir='${docdir}'
prefix='/home/oberhuber/local'
program_transform_name='s,x,x,'
psdir='${docdir}'
sbindir='${exec_prefix}/sbin'
sharedstatedir='${prefix}/com'
sysconfdir='${prefix}/etc'
target_alias=''

## ----------- ##
## confdefs.h. ##
## ----------- ##

/* confdefs.h */
#define PACKAGE_NAME ""
#define PACKAGE_TARNAME ""
#define PACKAGE_VERSION ""
#define PACKAGE_STRING ""
#define PACKAGE_BUGREPORT ""
#define PACKAGE_URL ""
#define PACKAGE "libtnl"
#define VERSION "0.1"
#define STDC_HEADERS 1
#define HAVE_SYS_TYPES_H 1
#define HAVE_SYS_STAT_H 1
#define HAVE_STDLIB_H 1
#define HAVE_STRING_H 1
#define HAVE_MEMORY_H 1
#define HAVE_STRINGS_H 1
#define HAVE_INTTYPES_H 1
#define HAVE_STDINT_H 1
#define HAVE_UNISTD_H 1
#define HAVE_DLFCN_H 1
#define LT_OBJDIR ".libs/"
#define HAVE_BZERO 1
#define STDC_HEADERS 1
#define HAVE_FLOAT_H 1
#define HAVE_MATH_H 1
#define HAVE_SYS_RESOURCE_H 1
#define HAVE_STDDEF_H 1
#define HAVE_SYS_TIME_H 1
#define HAVE_MPI_H 1

configure: exit 0

## ---------------------- ##
## Running config.status. ##
## ---------------------- ##

This file was extended by config.status, which was
generated by GNU Autoconf 2.64.  Invocation command line was

  CONFIG_FILES    = 
  CONFIG_HEADERS  = 
  CONFIG_LINKS    = 
  CONFIG_COMMANDS = 
  $ ./config.status 

on yvonne

config.status:1140: creating Makefile
config.status:1140: creating src/Makefile
config.status:1140: creating src/core/Makefile
config.status:1140: creating src/debug/Makefile
config.status:1140: creating src/diff/Makefile
config.status:1140: creating src/dist/Makefile
config.status:1140: creating src/matrix/Makefile
config.status:1140: creating config.h
config.status:1312: config.h is unchanged
config.status:1360: executing depfiles commands
config.status:1360: executing libtool commands

## ---------------------- ##
## Running config.status. ##
## ---------------------- ##

This file was extended by config.status, which was
generated by GNU Autoconf 2.64.  Invocation command line was

  CONFIG_FILES    = 
  CONFIG_HEADERS  = 
  CONFIG_LINKS    = 
  CONFIG_COMMANDS = 
  $ ./config.status config.h

on yvonne

config.status:1140: creating config.h
config.status:1312: config.h is unchanged
