//constructors
str1:
str2: string
str3: string
str4: 28.4          //string type

//functions
size of string: 8 bytes
alloc_size: 256
memory: 512
setter: Something new
getter: 28.4
third_letter: m

// Operators for C Strings
a: bye
b: see you
c: see you soon
Names are the same.
Surnames are different.

// Operators for Strings
d: Cheese
e: Mac&Cheese
f: Tim likes Mac&Cheese
Numbers are the same.
Equations are different.
// Operators for single characters
g: y
h: xy
i: ab
Letters are the same.
Letters are different.

// Cast to bool operators
String is not empty.
String is empty.
        
// replace
new_phrase: Hukunu matata

// strip
list_dates: 3/4/2005 8/7/2011 11/12/2019

// save
true

// load
strg: Header

// get line
str: Hello!